<?xml version="1.0" encoding="UTF-8"?>
<testsuite xmlns:xsi="http://www.w3.org/2001/XMLSchema-instance" xsi:noNamespaceSchemaLocation="https://maven.apache.org/surefire/maven-surefire-plugin/xsd/surefire-test-report.xsd" name="Controller.DirectorioRepositoryTest" time="0.266" tests="3" errors="0" skipped="0" failures="0">
  <properties>
    <property name="sun.desktop" value="windows"/>
    <property name="awt.toolkit" value="sun.awt.windows.WToolkit"/>
    <property name="file.encoding.pkg" value="sun.io"/>
    <property name="java.specification.version" value="1.8"/>
    <property name="sun.cpu.isalist" value="pentium_pro+mmx pentium_pro pentium+mmx pentium i486 i386 i86"/>
    <property name="sun.jnu.encoding" value="Cp1252"/>
    <property name="java.class.path" value="C:\Users\Melody\Documents\NetBeansProjects\ProyectoSprinMVC\target\test-classes;C:\Users\Melody\Documents\NetBeansProjects\ProyectoSprinMVC\target\classes;C:\Users\Melody\.m2\repository\org\springframework\spring-aop\4.3.29.RELEASE\spring-aop-4.3.29.RELEASE.jar;C:\Users\Melody\.m2\repository\org\springframework\spring-aspects\4.3.29.RELEASE\spring-aspects-4.3.29.RELEASE.jar;C:\Users\Melody\.m2\repository\org\aspectj\aspectjweaver\1.8.9\aspectjweaver-1.8.9.jar;C:\Users\Melody\.m2\repository\org\springframework\spring-beans\4.3.29.RELEASE\spring-beans-4.3.29.RELEASE.jar;C:\Users\Melody\.m2\repository\org\springframework\spring-context\4.3.29.RELEASE\spring-context-4.3.29.RELEASE.jar;C:\Users\Melody\.m2\repository\org\springframework\spring-context-support\4.3.29.RELEASE\spring-context-support-4.3.29.RELEASE.jar;C:\Users\Melody\.m2\repository\org\springframework\spring-core\4.3.29.RELEASE\spring-core-4.3.29.RELEASE.jar;C:\Users\Melody\.m2\repository\commons-logging\commons-logging\1.2\commons-logging-1.2.jar;C:\Users\Melody\.m2\repository\org\springframework\spring-expression\4.3.29.RELEASE\spring-expression-4.3.29.RELEASE.jar;C:\Users\Melody\.m2\repository\org\springframework\spring-instrument\4.3.29.RELEASE\spring-instrument-4.3.29.RELEASE.jar;C:\Users\Melody\.m2\repository\org\springframework\spring-instrument-tomcat\4.3.29.RELEASE\spring-instrument-tomcat-4.3.29.RELEASE.jar;C:\Users\Melody\.m2\repository\org\springframework\spring-jdbc\4.3.29.RELEASE\spring-jdbc-4.3.29.RELEASE.jar;C:\Users\Melody\.m2\repository\org\springframework\spring-jms\4.3.29.RELEASE\spring-jms-4.3.29.RELEASE.jar;C:\Users\Melody\.m2\repository\org\springframework\spring-messaging\4.3.29.RELEASE\spring-messaging-4.3.29.RELEASE.jar;C:\Users\Melody\.m2\repository\org\springframework\spring-orm\4.3.29.RELEASE\spring-orm-4.3.29.RELEASE.jar;C:\Users\Melody\.m2\repository\org\springframework\spring-oxm\4.3.29.RELEASE\spring-oxm-4.3.29.RELEASE.jar;C:\Users\Melody\.m2\repository\com\mysql\mysql-connector-j\8.0.33\mysql-connector-j-8.0.33.jar;C:\Users\Melody\.m2\repository\com\google\protobuf\protobuf-java\3.21.9\protobuf-java-3.21.9.jar;C:\Users\Melody\.m2\repository\org\springframework\spring-test\4.3.29.RELEASE\spring-test-4.3.29.RELEASE.jar;C:\Users\Melody\.m2\repository\org\springframework\spring-tx\4.3.29.RELEASE\spring-tx-4.3.29.RELEASE.jar;C:\Users\Melody\.m2\repository\org\springframework\spring-web\4.3.29.RELEASE\spring-web-4.3.29.RELEASE.jar;C:\Users\Melody\.m2\repository\org\springframework\spring-webmvc\4.3.29.RELEASE\spring-webmvc-4.3.29.RELEASE.jar;C:\Users\Melody\.m2\repository\org\springframework\spring-webmvc-portlet\4.3.29.RELEASE\spring-webmvc-portlet-4.3.29.RELEASE.jar;C:\Users\Melody\.m2\repository\org\springframework\spring-websocket\4.3.29.RELEASE\spring-websocket-4.3.29.RELEASE.jar;C:\Users\Melody\.m2\repository\javax\servlet\jsp\jstl\javax.servlet.jsp.jstl-api\1.2.1\javax.servlet.jsp.jstl-api-1.2.1.jar;C:\Users\Melody\.m2\repository\org\glassfish\web\javax.servlet.jsp.jstl\1.2.2\javax.servlet.jsp.jstl-1.2.2.jar;C:\Users\Melody\.m2\repository\javax\servlet\jsp\jstl\jstl-api\1.2\jstl-api-1.2.jar;C:\Users\Melody\.m2\repository\javax\servlet\servlet-api\2.5\servlet-api-2.5.jar;C:\Users\Melody\.m2\repository\javax\servlet\jsp\jsp-api\2.1\jsp-api-2.1.jar;C:\Users\Melody\.m2\repository\javax\javaee-web-api\6.0\javaee-web-api-6.0.jar;C:\Users\Melody\.m2\repository\javax\servlet\jstl\1.2\jstl-1.2.jar;C:\Users\Melody\.m2\repository\junit\junit\4.13.2\junit-4.13.2.jar;C:\Users\Melody\.m2\repository\org\hamcrest\hamcrest-core\1.3\hamcrest-core-1.3.jar;C:\Users\Melody\.m2\repository\com\sun\jersey\jersey-core\1.19\jersey-core-1.19.jar;C:\Users\Melody\.m2\repository\javax\ws\rs\jsr311-api\1.1.1\jsr311-api-1.1.1.jar;C:\Users\Melody\.m2\repository\com\sun\jersey\jersey-json\1.19.4\jersey-json-1.19.4.jar;C:\Users\Melody\.m2\repository\org\codehaus\jettison\jettison\1.1\jettison-1.1.jar;C:\Users\Melody\.m2\repository\com\sun\xml\bind\jaxb-impl\2.2.3-1\jaxb-impl-2.2.3-1.jar;C:\Users\Melody\.m2\repository\javax\xml\bind\jaxb-api\2.2.2\jaxb-api-2.2.2.jar;C:\Users\Melody\.m2\repository\javax\xml\stream\stax-api\1.0-2\stax-api-1.0-2.jar;C:\Users\Melody\.m2\repository\javax\activation\activation\1.1\activation-1.1.jar;C:\Users\Melody\.m2\repository\org\codehaus\jackson\jackson-core-asl\1.9.2\jackson-core-asl-1.9.2.jar;C:\Users\Melody\.m2\repository\org\codehaus\jackson\jackson-mapper-asl\1.9.2\jackson-mapper-asl-1.9.2.jar;C:\Users\Melody\.m2\repository\org\codehaus\jackson\jackson-jaxrs\1.9.2\jackson-jaxrs-1.9.2.jar;C:\Users\Melody\.m2\repository\org\codehaus\jackson\jackson-xc\1.9.2\jackson-xc-1.9.2.jar;C:\Users\Melody\.m2\repository\com\sun\jersey\jersey-servlet\1.19\jersey-servlet-1.19.jar;C:\Users\Melody\.m2\repository\com\sun\jersey\jersey-server\1.19\jersey-server-1.19.jar;C:\Users\Melody\.m2\repository\com\google\code\gson\gson\2.8.9\gson-2.8.9.jar;"/>
    <property name="java.vm.vendor" value="Oracle Corporation"/>
    <property name="sun.arch.data.model" value="32"/>
    <property name="user.variant" value=""/>
    <property name="java.vendor.url" value="http://java.oracle.com/"/>
    <property name="user.timezone" value="America/Santiago"/>
    <property name="user.country.format" value="ES"/>
    <property name="java.vm.specification.version" value="1.8"/>
    <property name="os.name" value="Windows 10"/>
    <property name="sun.java.launcher" value="SUN_STANDARD"/>
    <property name="user.country" value="US"/>
    <property name="sun.boot.library.path" value="C:\Program Files\Java\jdk1.8.0_151\jre\bin"/>
    <property name="sun.java.command" value="C:\Users\Melody\AppData\Local\Temp\surefire8880224892110001455\surefirebooter4151095755577301681.jar C:\Users\Melody\AppData\Local\Temp\surefire8880224892110001455 2023-06-19T18-19-44_061-jvmRun1 surefire8390360792378440243tmp surefire_04516911203380633561tmp"/>
    <property name="surefire.test.class.path" value="C:\Users\Melody\Documents\NetBeansProjects\ProyectoSprinMVC\target\test-classes;C:\Users\Melody\Documents\NetBeansProjects\ProyectoSprinMVC\target\classes;C:\Users\Melody\.m2\repository\org\springframework\spring-aop\4.3.29.RELEASE\spring-aop-4.3.29.RELEASE.jar;C:\Users\Melody\.m2\repository\org\springframework\spring-aspects\4.3.29.RELEASE\spring-aspects-4.3.29.RELEASE.jar;C:\Users\Melody\.m2\repository\org\aspectj\aspectjweaver\1.8.9\aspectjweaver-1.8.9.jar;C:\Users\Melody\.m2\repository\org\springframework\spring-beans\4.3.29.RELEASE\spring-beans-4.3.29.RELEASE.jar;C:\Users\Melody\.m2\repository\org\springframework\spring-context\4.3.29.RELEASE\spring-context-4.3.29.RELEASE.jar;C:\Users\Melody\.m2\repository\org\springframework\spring-context-support\4.3.29.RELEASE\spring-context-support-4.3.29.RELEASE.jar;C:\Users\Melody\.m2\repository\org\springframework\spring-core\4.3.29.RELEASE\spring-core-4.3.29.RELEASE.jar;C:\Users\Melody\.m2\repository\commons-logging\commons-logging\1.2\commons-logging-1.2.jar;C:\Users\Melody\.m2\repository\org\springframework\spring-expression\4.3.29.RELEASE\spring-expression-4.3.29.RELEASE.jar;C:\Users\Melody\.m2\repository\org\springframework\spring-instrument\4.3.29.RELEASE\spring-instrument-4.3.29.RELEASE.jar;C:\Users\Melody\.m2\repository\org\springframework\spring-instrument-tomcat\4.3.29.RELEASE\spring-instrument-tomcat-4.3.29.RELEASE.jar;C:\Users\Melody\.m2\repository\org\springframework\spring-jdbc\4.3.29.RELEASE\spring-jdbc-4.3.29.RELEASE.jar;C:\Users\Melody\.m2\repository\org\springframework\spring-jms\4.3.29.RELEASE\spring-jms-4.3.29.RELEASE.jar;C:\Users\Melody\.m2\repository\org\springframework\spring-messaging\4.3.29.RELEASE\spring-messaging-4.3.29.RELEASE.jar;C:\Users\Melody\.m2\repository\org\springframework\spring-orm\4.3.29.RELEASE\spring-orm-4.3.29.RELEASE.jar;C:\Users\Melody\.m2\repository\org\springframework\spring-oxm\4.3.29.RELEASE\spring-oxm-4.3.29.RELEASE.jar;C:\Users\Melody\.m2\repository\com\mysql\mysql-connector-j\8.0.33\mysql-connector-j-8.0.33.jar;C:\Users\Melody\.m2\repository\com\google\protobuf\protobuf-java\3.21.9\protobuf-java-3.21.9.jar;C:\Users\Melody\.m2\repository\org\springframework\spring-test\4.3.29.RELEASE\spring-test-4.3.29.RELEASE.jar;C:\Users\Melody\.m2\repository\org\springframework\spring-tx\4.3.29.RELEASE\spring-tx-4.3.29.RELEASE.jar;C:\Users\Melody\.m2\repository\org\springframework\spring-web\4.3.29.RELEASE\spring-web-4.3.29.RELEASE.jar;C:\Users\Melody\.m2\repository\org\springframework\spring-webmvc\4.3.29.RELEASE\spring-webmvc-4.3.29.RELEASE.jar;C:\Users\Melody\.m2\repository\org\springframework\spring-webmvc-portlet\4.3.29.RELEASE\spring-webmvc-portlet-4.3.29.RELEASE.jar;C:\Users\Melody\.m2\repository\org\springframework\spring-websocket\4.3.29.RELEASE\spring-websocket-4.3.29.RELEASE.jar;C:\Users\Melody\.m2\repository\javax\servlet\jsp\jstl\javax.servlet.jsp.jstl-api\1.2.1\javax.servlet.jsp.jstl-api-1.2.1.jar;C:\Users\Melody\.m2\repository\org\glassfish\web\javax.servlet.jsp.jstl\1.2.2\javax.servlet.jsp.jstl-1.2.2.jar;C:\Users\Melody\.m2\repository\javax\servlet\jsp\jstl\jstl-api\1.2\jstl-api-1.2.jar;C:\Users\Melody\.m2\repository\javax\servlet\servlet-api\2.5\servlet-api-2.5.jar;C:\Users\Melody\.m2\repository\javax\servlet\jsp\jsp-api\2.1\jsp-api-2.1.jar;C:\Users\Melody\.m2\repository\javax\javaee-web-api\6.0\javaee-web-api-6.0.jar;C:\Users\Melody\.m2\repository\javax\servlet\jstl\1.2\jstl-1.2.jar;C:\Users\Melody\.m2\repository\junit\junit\4.13.2\junit-4.13.2.jar;C:\Users\Melody\.m2\repository\org\hamcrest\hamcrest-core\1.3\hamcrest-core-1.3.jar;C:\Users\Melody\.m2\repository\com\sun\jersey\jersey-core\1.19\jersey-core-1.19.jar;C:\Users\Melody\.m2\repository\javax\ws\rs\jsr311-api\1.1.1\jsr311-api-1.1.1.jar;C:\Users\Melody\.m2\repository\com\sun\jersey\jersey-json\1.19.4\jersey-json-1.19.4.jar;C:\Users\Melody\.m2\repository\org\codehaus\jettison\jettison\1.1\jettison-1.1.jar;C:\Users\Melody\.m2\repository\com\sun\xml\bind\jaxb-impl\2.2.3-1\jaxb-impl-2.2.3-1.jar;C:\Users\Melody\.m2\repository\javax\xml\bind\jaxb-api\2.2.2\jaxb-api-2.2.2.jar;C:\Users\Melody\.m2\repository\javax\xml\stream\stax-api\1.0-2\stax-api-1.0-2.jar;C:\Users\Melody\.m2\repository\javax\activation\activation\1.1\activation-1.1.jar;C:\Users\Melody\.m2\repository\org\codehaus\jackson\jackson-core-asl\1.9.2\jackson-core-asl-1.9.2.jar;C:\Users\Melody\.m2\repository\org\codehaus\jackson\jackson-mapper-asl\1.9.2\jackson-mapper-asl-1.9.2.jar;C:\Users\Melody\.m2\repository\org\codehaus\jackson\jackson-jaxrs\1.9.2\jackson-jaxrs-1.9.2.jar;C:\Users\Melody\.m2\repository\org\codehaus\jackson\jackson-xc\1.9.2\jackson-xc-1.9.2.jar;C:\Users\Melody\.m2\repository\com\sun\jersey\jersey-servlet\1.19\jersey-servlet-1.19.jar;C:\Users\Melody\.m2\repository\com\sun\jersey\jersey-server\1.19\jersey-server-1.19.jar;C:\Users\Melody\.m2\repository\com\google\code\gson\gson\2.8.9\gson-2.8.9.jar;"/>
    <property name="sun.cpu.endian" value="little"/>
    <property name="user.home" value="C:\Users\Melody"/>
    <property name="user.language" value="en"/>
    <property name="java.specification.vendor" value="Oracle Corporation"/>
    <property name="java.home" value="C:\Program Files\Java\jdk1.8.0_151\jre"/>
    <property name="basedir" value="C:\Users\Melody\Documents\NetBeansProjects\ProyectoSprinMVC"/>
    <property name="file.separator" value="\"/>
    <property name="line.separator" value="&#10;"/>
    <property name="java.vm.specification.vendor" value="Oracle Corporation"/>
    <property name="java.specification.name" value="Java Platform API Specification"/>
    <property name="java.awt.graphicsenv" value="sun.awt.Win32GraphicsEnvironment"/>
    <property name="surefire.real.class.path" value="C:\Users\Melody\AppData\Local\Temp\surefire8880224892110001455\surefirebooter4151095755577301681.jar"/>
    <property name="sun.boot.class.path" value="C:\Program Files\Java\jdk1.8.0_151\jre\lib\resources.jar;C:\Program Files\Java\jdk1.8.0_151\jre\lib\rt.jar;C:\Program Files\Java\jdk1.8.0_151\jre\lib\sunrsasign.jar;C:\Program Files\Java\jdk1.8.0_151\jre\lib\jsse.jar;C:\Program Files\Java\jdk1.8.0_151\jre\lib\jce.jar;C:\Program Files\Java\jdk1.8.0_151\jre\lib\charsets.jar;C:\Program Files\Java\jdk1.8.0_151\jre\lib\jfr.jar;C:\Program Files\Java\jdk1.8.0_151\jre\classes"/>
    <property name="user.script" value=""/>
    <property name="sun.management.compiler" value="HotSpot Client Compiler"/>
    <property name="java.runtime.version" value="1.8.0_151-b12"/>
    <property name="user.name" value="Melody"/>
    <property name="path.separator" value=";"/>
    <property name="os.version" value="10.0"/>
    <property name="java.endorsed.dirs" value="C:\Program Files\Java\jdk1.8.0_151\jre\lib\endorsed"/>
    <property name="java.runtime.name" value="Java(TM) SE Runtime Environment"/>
    <property name="file.encoding" value="UTF-8"/>
    <property name="java.vm.name" value="Java HotSpot(TM) Client VM"/>
    <property name="maven.ext.class.path" value="C:\Program Files (x86)\NetBeans-12.5\netbeans\java\maven-nblib\netbeans-eventspy.jar"/>
    <property name="localRepository" value="C:\Users\Melody\.m2\repository"/>
    <property name="java.vendor.url.bug" value="http://bugreport.sun.com/bugreport/"/>
    <property name="java.io.tmpdir" value="C:\Users\Melody\AppData\Local\Temp\"/>
    <property name="java.version" value="1.8.0_151"/>
    <property name="user.dir" value="C:\Users\Melody\Documents\NetBeansProjects\ProyectoSprinMVC"/>
    <property name="os.arch" value="x86"/>
    <property name="java.vm.specification.name" value="Java Virtual Machine Specification"/>
    <property name="java.awt.printerjob" value="sun.awt.windows.WPrinterJob"/>
    <property name="user.language.format" value="es"/>
    <property name="sun.os.patch.level" value=""/>
    <property name="java.library.path" value="C:\Program Files\Java\jdk1.8.0_151\jre\bin;C:\WINDOWS\Sun\Java\bin;C:\WINDOWS\system32;C:\WINDOWS;C:\Program Files (x86)\Common Files\Oracle\Java\javapath;C:\Windows\system32;C:\Windows;C:\Windows\System32\Wbem;C:\Windows\System32\WindowsPowerShell\v1.0\;C:\Windows\System32\OpenSSH\;C:\Program Files\NVIDIA Corporation\NVIDIA NvDLISR;C:\Program Files (x86)\NVIDIA Corporation\PhysX\Common;C:\WINDOWS\system32;C:\WINDOWS;C:\WINDOWS\System32\Wbem;C:\WINDOWS\System32\WindowsPowerShell\v1.0\;C:\WINDOWS\System32\OpenSSH\;C:\Program Files\Git\cmd;C:\Users\Melody\AppData\Local\Microsoft\WindowsApps;C:\Users\Melody\AppData\Local\Programs\Microsoft VS Code\bin;C:\Users\Melody\AppData\Local\GitHubDesktop\bin;."/>
    <property name="java.vm.info" value="mixed mode"/>
    <property name="java.vendor" value="Oracle Corporation"/>
    <property name="java.vm.version" value="25.151-b12"/>
    <property name="java.ext.dirs" value="C:\Program Files\Java\jdk1.8.0_151\jre\lib\ext;C:\WINDOWS\Sun\Java\lib\ext"/>
    <property name="sun.io.unicode.encoding" value="UnicodeLittle"/>
    <property name="java.class.version" value="52.0"/>
  </properties>
  <testcase name="testListarActividades" classname="Controller.DirectorioRepositoryTest" time="0.22"/>
  <testcase name="testObtenerAsistente" classname="Controller.DirectorioRepositoryTest" time="0"/>
  <testcase name="testListarAsistentes" classname="Controller.DirectorioRepositoryTest" time="0.015"/>
</testsuite>